{"/Users/jsilva/development/Check-Text-Express/src/index.js": {"path":"/Users/jsilva/development/Check-Text-Express/src/index.js","statementMap":{"0":{"start":{"line":4,"column":13},"end":{"line":4,"column":17}},"1":{"start":{"line":6,"column":15},"end":{"line":6,"column":24}},"2":{"start":{"line":8,"column":0},"end":{"line":8,"column":27}},"3":{"start":{"line":10,"column":0},"end":{"line":10,"column":43}},"4":{"start":{"line":12,"column":0},"end":{"line":14,"column":3}},"5":{"start":{"line":13,"column":1},"end":{"line":13,"column":42}}},"fnMap":{"0":{"name":"(anonymous_0)","decl":{"start":{"line":12,"column":20},"end":{"line":12,"column":21}},"loc":{"start":{"line":12,"column":26},"end":{"line":14,"column":1}},"line":12}},"branchMap":{},"s":{"0":0,"1":0,"2":0,"3":0,"4":0,"5":0},"f":{"0":0},"b":{}}
,"/Users/jsilva/development/Check-Text-Express/src/business-logic/checkText.logic.js": {"path":"/Users/jsilva/development/Check-Text-Express/src/business-logic/checkText.logic.js","statementMap":{"0":{"start":{"line":10,"column":19},"end":{"line":10,"column":37}},"1":{"start":{"line":12,"column":21},"end":{"line":12,"column":40}},"2":{"start":{"line":14,"column":1},"end":{"line":16,"column":2}},"3":{"start":{"line":15,"column":2},"end":{"line":15,"column":65}},"4":{"start":{"line":18,"column":1},"end":{"line":18,"column":34}},"5":{"start":{"line":27,"column":17},"end":{"line":35,"column":2}},"6":{"start":{"line":36,"column":1},"end":{"line":36,"column":29}},"7":{"start":{"line":45,"column":1},"end":{"line":45,"column":49}},"8":{"start":{"line":51,"column":17},"end":{"line":54,"column":1}}},"fnMap":{"0":{"name":"checkText","decl":{"start":{"line":9,"column":9},"end":{"line":9,"column":18}},"loc":{"start":{"line":9,"column":35},"end":{"line":19,"column":1}},"line":9},"1":{"name":"checkURL","decl":{"start":{"line":26,"column":9},"end":{"line":26,"column":17}},"loc":{"start":{"line":26,"column":24},"end":{"line":37,"column":1}},"line":26},"2":{"name":"checkNumber","decl":{"start":{"line":44,"column":9},"end":{"line":44,"column":20}},"loc":{"start":{"line":44,"column":27},"end":{"line":46,"column":1}},"line":44}},"branchMap":{"0":{"loc":{"start":{"line":14,"column":1},"end":{"line":16,"column":2}},"type":"if","locations":[{"start":{"line":14,"column":1},"end":{"line":16,"column":2}},{"start":{},"end":{}}],"line":14},"1":{"loc":{"start":{"line":45,"column":8},"end":{"line":45,"column":48}},"type":"binary-expr","locations":[{"start":{"line":45,"column":8},"end":{"line":45,"column":20}},{"start":{"line":45,"column":24},"end":{"line":45,"column":48}}],"line":45}},"s":{"0":5,"1":5,"2":5,"3":1,"4":4,"5":2,"6":2,"7":2,"8":2},"f":{"0":5,"1":2,"2":2},"b":{"0":[1,4],"1":[2,1]},"_coverageSchema":"1a1c01bbd47fc00a2c39e90264f33305004495a9","hash":"05ba198227d93ac61cc8f1e5a1c22cebae390b07"}
,"/Users/jsilva/development/Check-Text-Express/src/business-logic/index.js": {"path":"/Users/jsilva/development/Check-Text-Express/src/business-logic/index.js","statementMap":{},"fnMap":{},"branchMap":{},"s":{},"f":{},"b":{},"_coverageSchema":"1a1c01bbd47fc00a2c39e90264f33305004495a9","hash":"c29137f4eb3f0b58a747bae2aa2992c01ea70847"}
,"/Users/jsilva/development/Check-Text-Express/src/controllers/checkText.controller.js": {"path":"/Users/jsilva/development/Check-Text-Express/src/controllers/checkText.controller.js","statementMap":{"0":{"start":{"line":9,"column":2},"end":{"line":11,"column":3}},"1":{"start":{"line":10,"column":4},"end":{"line":10,"column":68}},"2":{"start":{"line":13,"column":2},"end":{"line":15,"column":3}},"3":{"start":{"line":14,"column":4},"end":{"line":14,"column":68}},"4":{"start":{"line":25,"column":25},"end":{"line":25,"column":33}},"5":{"start":{"line":27,"column":2},"end":{"line":35,"column":3}},"6":{"start":{"line":28,"column":4},"end":{"line":28,"column":38}},"7":{"start":{"line":30,"column":19},"end":{"line":30,"column":58}},"8":{"start":{"line":31,"column":4},"end":{"line":31,"column":33}},"9":{"start":{"line":33,"column":23},"end":{"line":33,"column":46}},"10":{"start":{"line":34,"column":4},"end":{"line":34,"column":43}}},"fnMap":{"0":{"name":"validateCheckText","decl":{"start":{"line":8,"column":9},"end":{"line":8,"column":26}},"loc":{"start":{"line":8,"column":43},"end":{"line":16,"column":1}},"line":8},"1":{"name":"checkText","decl":{"start":{"line":24,"column":9},"end":{"line":24,"column":18}},"loc":{"start":{"line":24,"column":29},"end":{"line":36,"column":1}},"line":24}},"branchMap":{"0":{"loc":{"start":{"line":9,"column":2},"end":{"line":11,"column":3}},"type":"if","locations":[{"start":{"line":9,"column":2},"end":{"line":11,"column":3}},{"start":{},"end":{}}],"line":9},"1":{"loc":{"start":{"line":13,"column":2},"end":{"line":15,"column":3}},"type":"if","locations":[{"start":{"line":13,"column":2},"end":{"line":15,"column":3}},{"start":{},"end":{}}],"line":13},"2":{"loc":{"start":{"line":33,"column":23},"end":{"line":33,"column":46}},"type":"binary-expr","locations":[{"start":{"line":33,"column":23},"end":{"line":33,"column":39}},{"start":{"line":33,"column":43},"end":{"line":33,"column":46}}],"line":33}},"s":{"0":4,"1":1,"2":3,"3":1,"4":4,"5":4,"6":4,"7":2,"8":2,"9":2,"10":2},"f":{"0":4,"1":4},"b":{"0":[1,3],"1":[1,2],"2":[2,0]},"_coverageSchema":"1a1c01bbd47fc00a2c39e90264f33305004495a9","hash":"ba7c348c9bc193ba7f7fa1f92246aa7597c89d0b"}
,"/Users/jsilva/development/Check-Text-Express/src/helpers/error.helper.js": {"path":"/Users/jsilva/development/Check-Text-Express/src/helpers/error.helper.js","statementMap":{"0":{"start":{"line":6,"column":2},"end":{"line":6,"column":10}},"1":{"start":{"line":7,"column":2},"end":{"line":7,"column":19}},"2":{"start":{"line":8,"column":2},"end":{"line":8,"column":17}},"3":{"start":{"line":9,"column":2},"end":{"line":9,"column":24}},"4":{"start":{"line":18,"column":2},"end":{"line":18,"column":10}},"5":{"start":{"line":19,"column":2},"end":{"line":19,"column":19}},"6":{"start":{"line":20,"column":2},"end":{"line":20,"column":17}},"7":{"start":{"line":21,"column":2},"end":{"line":21,"column":24}}},"fnMap":{"0":{"name":"(anonymous_0)","decl":{"start":{"line":5,"column":1},"end":{"line":5,"column":2}},"loc":{"start":{"line":5,"column":24},"end":{"line":10,"column":2}},"line":5},"1":{"name":"(anonymous_1)","decl":{"start":{"line":17,"column":1},"end":{"line":17,"column":2}},"loc":{"start":{"line":17,"column":24},"end":{"line":22,"column":2}},"line":17}},"branchMap":{},"s":{"0":3,"1":3,"2":3,"3":3,"4":0,"5":0,"6":0,"7":0},"f":{"0":3,"1":0},"b":{},"_coverageSchema":"1a1c01bbd47fc00a2c39e90264f33305004495a9","hash":"c2d4b387b1351dba4211fb8bf4334f21f1f6e45c"}
,"/Users/jsilva/development/Check-Text-Express/src/routers/checkText.router.js": {"path":"/Users/jsilva/development/Check-Text-Express/src/routers/checkText.router.js","statementMap":{"0":{"start":{"line":8,"column":15},"end":{"line":8,"column":23}},"1":{"start":{"line":10,"column":0},"end":{"line":10,"column":28}}},"fnMap":{},"branchMap":{},"s":{"0":0,"1":0},"f":{},"b":{}}
}
