TN:
SF:src/index.js
FN:12,(anonymous_0)
FNF:1
FNH:0
FNDA:0,(anonymous_0)
DA:4,0
DA:6,0
DA:8,0
DA:10,0
DA:12,0
DA:13,0
LF:6
LH:0
BRF:0
BRH:0
end_of_record
TN:
SF:src/business-logic/checkText.logic.js
FN:9,checkText
FN:26,checkURL
FN:44,checkNumber
FNF:3
FNH:3
FNDA:5,checkText
FNDA:2,checkURL
FNDA:2,checkNumber
DA:10,5
DA:12,5
DA:14,5
DA:15,1
DA:18,4
DA:27,2
DA:36,2
DA:45,2
DA:51,2
LF:9
LH:9
BRDA:14,0,0,1
BRDA:14,0,1,4
BRDA:45,1,0,2
BRDA:45,1,1,1
BRF:4
BRH:4
end_of_record
TN:
SF:src/business-logic/index.js
FNF:0
FNH:0
LF:0
LH:0
BRF:0
BRH:0
end_of_record
TN:
SF:src/controllers/checkText.controller.js
FN:8,validateCheckText
FN:24,checkText
FNF:2
FNH:2
FNDA:4,validateCheckText
FNDA:4,checkText
DA:9,4
DA:10,1
DA:13,3
DA:14,1
DA:25,4
DA:27,4
DA:28,4
DA:30,2
DA:31,2
DA:33,2
DA:34,2
LF:11
LH:11
BRDA:9,0,0,1
BRDA:9,0,1,3
BRDA:13,1,0,1
BRDA:13,1,1,2
BRDA:33,2,0,2
BRDA:33,2,1,0
BRF:6
BRH:5
end_of_record
TN:
SF:src/helpers/error.helper.js
FN:5,(anonymous_0)
FN:17,(anonymous_1)
FNF:2
FNH:1
FNDA:3,(anonymous_0)
FNDA:0,(anonymous_1)
DA:6,3
DA:7,3
DA:8,3
DA:9,3
DA:18,0
DA:19,0
DA:20,0
DA:21,0
LF:8
LH:4
BRF:0
BRH:0
end_of_record
TN:
SF:src/routers/checkText.router.js
FNF:0
FNH:0
DA:8,0
DA:10,0
LF:2
LH:0
BRF:0
BRH:0
end_of_record
